[2023/06/21 02:00:17.197938] [FUNC RUN] run function1 function by test_scenario
[2023/06/21 02:00:17.198793] [FUNC END] function function1 end. -> return value : 1, duration: 0.0005 Sec
[2023/06/21 02:00:17.198980] [FUNC RUN] run function1 function by test_scenario
[2023/06/21 02:00:17.199091] [FUNC END] function function1 end. -> return value : 1, duration: 0.0004 Sec
[2023/06/21 02:00:17.199974] [FUNC RUN] run function1 function by test_scenario
[2023/06/21 02:00:17.200166] Traceback message : Traceback (most recent call last):
  File "/home/thsvkd/Workspace/big-thing-py/big_thing_py/core/function.py", line 105, in _wrapper
    self._return_value = self._func(*execute_msg.tuple_arguments())
TypeError: func_with_argument_with_return_1() missing 2 required positional arguments: 'str_arg' and 'bool_arg'

Error: func_with_argument_with_return_1() missing 2 required positional arguments: 'str_arg' and 'bool_arg'
[2023/06/21 02:00:17.200218] [FUNC FAIL] function function1 by scenario test_scenario is failed while executing!!!
[2023/06/21 02:00:17.200317] [FUNC END] function function1 end. -> return value : None, duration: 0.0005 Sec
[2023/06/21 02:00:17.201184] [FUNC RUN] run timeout_function1 function by test_scenario
[2023/06/21 02:00:18.222091] [FUNC TIMEOUT] function timeout_function1 by scenario test_scenario was timeout!!!
[2023/06/21 02:00:18.222247] [FUNC END] function timeout_function1 end. -> return value : None, duration: 1.0212 Sec
[2023/06/21 02:00:18.223652] [FUNC RUN] run function1 function by test_scenario
[2023/06/21 02:00:18.224651] [FUNC END] function function1 end. -> return value : 1, duration: 0.0003 Sec
[2023/06/21 02:00:18.236169] [_handle_mqtt_message] Unexpected topic! topic: M3/EXECUTE/function1/default_big_thing
[2023/06/21 02:00:18.237573] [_handle_mqtt_message] Unexpected topic! topic: MT/EX3CUTE/function1/default_big_thing
[2023/06/21 02:00:18.238762] [_handle_MT_EXECUTE] Target function not found! - topic: MT/EXECUTE/diff_function1/default_big_thing
[2023/06/21 02:00:18.240036] [_handle_MT_EXECUTE] Wrong payload arrive... default_big_thing should be arrive, not diff_default_big_thing
[2023/06/21 02:00:18.241028] [FUNC RUN] run function1 function by test_scenario
[2023/06/21 02:00:18.241179] [FUNC END] function function1 end. -> return value : 1, duration: 0.0003 Sec
[2023/06/21 02:00:18.242294] [_handle_MT_EXECUTE] execute_msg error! - topic: MT/EXECUTE/function1/default_big_thing/test_middlewareTrue
[2023/06/21 02:00:18.243432] [_handle_MT_EXECUTE] execute_msg error! - topic: MT/EXECUTE/function1/default_big_thing/test_middleware/True
[2023/06/21 02:00:18.244390] [FUNC RUN] run function1 function by test_scenario
[2023/06/21 02:00:18.244540] [FUNC END] function function1 end. -> return value : 1, duration: 0.0003 Sec
[2023/06/21 02:00:18.245728] [_handle_MT_EXECUTE] execute_msg error! - topic: MT/EXECUTE/function1/default_big_thingFalse
[2023/06/21 02:00:18.246830] [_handle_MT_EXECUTE] execute_msg error! - topic: MT/EXECUTE/function1/default_big_thingFalse
[2023/06/21 02:00:18.247928] [_handle_MT_EXECUTE] execute_msg error! - topic: MT/EXECUTE/function1/default_big_thingFalse
[2023/06/21 02:00:18.249026] [_handle_MT_EXECUTE] execute_msg error! - topic: MT/EXECUTE/function1/default_big_thingFalse
[2023/06/21 02:00:18.250185] [_handle_MT_EXECUTE] execute_msg error! - topic: MT/EXECUTE/function1/default_big_thingFalse
[2023/06/21 02:00:18.251393] [_handle_MT_EXECUTE] execute_msg error! - topic: MT/EXECUTE/function1/default_big_thingFalse
[2023/06/21 02:00:18.252265] [FUNC RUN] run function1 function by test_scenario
[2023/06/21 02:00:18.252397] [FUNC END] function function1 end. -> return value : 1, duration: 0.0002 Sec
[2023/06/21 02:00:18.253201] Not matched arg_list type: INTEGER != STRING
[2023/06/21 02:00:18.253258] Not matched arg_list
[2023/06/21 02:00:18.254067] Not matched arg_list type: DOUBLE != STRING
[2023/06/21 02:00:18.254123] Not matched arg_list
[2023/06/21 02:00:18.254926] Not matched arg_list type: BOOL != STRING
[2023/06/21 02:00:18.254981] Not matched arg_list
[2023/06/21 02:00:18.255860] Not matched arg_list type: BOOL != INTEGER
[2023/06/21 02:00:18.255920] Not matched arg_list
[2023/06/21 02:00:18.256728] Not matched arg_list type: BOOL != DOUBLE
[2023/06/21 02:00:18.256781] Not matched arg_list
[2023/06/21 02:00:18.260802] [FUNC RUN] run func_no_argument_with_return_1 function by test_scenario1
[2023/06/21 02:00:18.260901] [FUNC END] function func_no_argument_with_return_1 end. -> return value : 1, duration: 0.0002 Sec
[2023/06/21 02:00:18.311326] [FUNC RUN] run func_with_timeout_argument_with_return_1 function by test_scenario2
[2023/06/21 02:00:18.812454] [FUNC END] function func_with_timeout_argument_with_return_1 end. -> return value : 1, duration: 0.5013 Sec
[2023/06/21 02:00:18.814414] [FUNC RUN] run func_with_timeout_argument_with_return_1 function by test_scenario1
[2023/06/21 02:00:18.865105] [FUNC RUN] run func_with_timeout_argument_with_return_1 function by test_scenario2
[2023/06/21 02:00:19.315561] [FUNC END] function func_with_timeout_argument_with_return_1 end. -> return value : 1, duration: 0.5012 Sec
[2023/06/21 02:00:19.366230] [FUNC END] function func_with_timeout_argument_with_return_1 end. -> return value : 1, duration: 0.5014 Sec
[2023/06/21 02:00:19.368255] [FUNC RUN] run func_with_timeout_argument_with_return_1 function by test_scenario1
[2023/06/21 02:00:19.418981] [FUNC RUN] run func_with_timeout_argument_with_return_1 function by test_scenario2
[2023/06/21 02:00:19.869336] [FUNC END] function func_with_timeout_argument_with_return_1 end. -> return value : 1, duration: 0.5012 Sec
[2023/06/21 02:00:20.439787] [FUNC TIMEOUT] function func_with_timeout_argument_with_return_1 by scenario test_scenario2 was timeout!!!
[2023/06/21 02:00:20.439973] [FUNC END] function func_with_timeout_argument_with_return_1 end. -> return value : 1, duration: 1.0213 Sec
[2023/06/21 02:00:20.441768] [FUNC RUN] run func_with_timeout_argument_with_return_1 function by test_scenario1
[2023/06/21 02:00:20.942797] [FUNC END] function func_with_timeout_argument_with_return_1 end. -> return value : 1, duration: 0.5011 Sec
[2023/06/21 02:00:20.944281] [FUNC RUN] run func_with_timeout_argument_with_return_1 function by test_scenario1
[2023/06/21 02:00:21.446065] [FUNC END] function func_with_timeout_argument_with_return_1 end. -> return value : 1, duration: 0.5014 Sec
[2023/06/21 02:00:22.036246] [json_string_to_dict] input string must be json format string... return raw string...
[2023/06/21 02:00:23.148977] [json_string_to_dict] input string must be json format string... return raw string...
[2023/06/21 02:00:23.656819] [json_string_to_dict] input string must be json format string... return raw string...
