[2023-03-30 15:19:31] Welcome!
[2023-03-30 15:19:31] Logger started, logging into `/Users/wk/Github/entrain_draft/python_package/pypi/docs/pypath_log/pypath-8phw5.log`.
[2023-03-30 15:19:31] Session `8phw5` started.
[2023-03-30 15:19:31] [pypath] 
	- session ID: `8phw5`
	- working directory: `/Users/wk/Github/entrain_draft/python_package/pypi/docs`
	- logfile: `/Users/wk/Github/entrain_draft/python_package/pypi/docs/pypath_log/pypath-8phw5.log`
	- pypath version: 0.14.44
[2023-03-30 15:19:31] [curl] Creating Curl object to retrieve data from `https://www.ensembl.org/info/about/species.html`
[2023-03-30 15:19:31] [curl] Cache file path: `/Users/wk/.pypath/cache/535b06d53a59e75bb693369bc5fdc556-species.html`
[2023-03-30 15:19:31] [curl] Cache file found, no need for download.
[2023-03-30 15:19:31] [curl] Opening plain text file `/Users/wk/.pypath/cache/535b06d53a59e75bb693369bc5fdc556-species.html`.
[2023-03-30 15:19:31] [curl] Contents of `/Users/wk/.pypath/cache/535b06d53a59e75bb693369bc5fdc556-species.html` has been read and the file has been closed.
[2023-03-30 15:19:31] [curl] Creating Curl object to retrieve data from `https://www.ensembl.org/info/about/species.html`
[2023-03-30 15:19:31] [curl] Cache file path: `/Users/wk/.pypath/cache/535b06d53a59e75bb693369bc5fdc556-species.html`
[2023-03-30 15:19:31] [curl] Cache file found, no need for download.
[2023-03-30 15:19:31] [curl] Opening plain text file `/Users/wk/.pypath/cache/535b06d53a59e75bb693369bc5fdc556-species.html`.
[2023-03-30 15:19:31] [curl] Contents of `/Users/wk/.pypath/cache/535b06d53a59e75bb693369bc5fdc556-species.html` has been read and the file has been closed.
[2023-03-30 15:19:31] [curl] Creating Curl object to retrieve data from `https://www.ensembl.org/info/about/species.html`
[2023-03-30 15:19:31] [curl] Cache file path: `/Users/wk/.pypath/cache/535b06d53a59e75bb693369bc5fdc556-species.html`
[2023-03-30 15:19:31] [curl] Cache file found, no need for download.
[2023-03-30 15:19:31] [curl] Opening plain text file `/Users/wk/.pypath/cache/535b06d53a59e75bb693369bc5fdc556-species.html`.
[2023-03-30 15:19:31] [curl] Contents of `/Users/wk/.pypath/cache/535b06d53a59e75bb693369bc5fdc556-species.html` has been read and the file has been closed.
[2023-03-30 15:19:31] [network_resources] Could not find data model for resource `HI-III` in set `interaction_deprecated`.
[2023-03-30 15:19:31] [network_resources] Could not find data model for resource `Vidal HI-III` in set `interaction_deprecated`.
[2023-03-30 15:19:31] [network_resources] Could not find data model for resource `HI-III` in set `interaction_deprecated`.
[2023-03-30 15:19:31] [network_resources] Could not find data model for resource `HumanSignalingNetwork` in set `interaction_deprecated`.
[2023-03-30 15:19:31] [network_resources] Could not find data model for resource `Negatome` in set `negative`.
[2023-03-30 15:19:31] [network_resources] Could not find data model for resource `SignaLink2` in set `obsolate`.
[2023-03-30 15:19:31] [network_resources] Could not find data model for resource `NCI-PID` in set `obsolate`.
[2023-03-30 15:19:31] [network_resources] Could not find data model for resource `Laudanna-effects` in set `pathway_bad`.
[2023-03-30 15:19:31] [network_resources] Could not find data model for resource `Laudanna-directions` in set `pathway_bad`.
[2023-03-30 15:19:31] [network_resources] Could not find data model for resource `ORegAnno` in set `transcription_deprecated`.
[2023-03-30 15:19:31] [network_resources] Could not find data model for resource `DoRothEA` in set `transcription_dorothea_old`.
[2023-03-30 15:19:31] [curl] Creating Curl object to retrieve data from `https://www.ebi.ac.uk/unichem/legacy/ucquery/listSources`
[2023-03-30 15:19:31] [curl] Cache file path: `/Users/wk/.pypath/cache/ec334dad78a2cd7ed88f6069c63aa672-listSources`
[2023-03-30 15:19:31] [curl] Cache file found, no need for download.
[2023-03-30 15:19:31] [curl] Loading data from cache previously downloaded from `www.ebi.ac.uk`
[2023-03-30 15:19:31] [curl] Opening file `/Users/wk/.pypath/cache/ec334dad78a2cd7ed88f6069c63aa672-listSources`
[2023-03-30 15:19:31] [curl] Extracting data from file type `plain`
[2023-03-30 15:19:31] [curl] Opening plain text file `/Users/wk/.pypath/cache/ec334dad78a2cd7ed88f6069c63aa672-listSources`.
[2023-03-30 15:19:31] [curl] Contents of `/Users/wk/.pypath/cache/ec334dad78a2cd7ed88f6069c63aa672-listSources` has been read and the file has been closed.
[2023-03-30 15:19:31] [curl] File at `https://www.ebi.ac.uk/unichem/legacy/ucquery/listSources` successfully retrieved. Resulted file type `plain text, unicode string`. Local file at
                      `/Users/wk/.pypath/cache/ec334dad78a2cd7ed88f6069c63aa672-listSources`.
[2023-03-30 15:19:31] [curl] Creating Curl object to retrieve data from `https://rampdb.nih.gov/api/id-types`
[2023-03-30 15:19:31] [curl] Cache file path: `/Users/wk/.pypath/cache/c058901753f61743bf55db935731cff1-id-types`
[2023-03-30 15:19:31] [curl] Cache file found, no need for download.
[2023-03-30 15:19:31] [curl] Opening plain text file `/Users/wk/.pypath/cache/c058901753f61743bf55db935731cff1-id-types`.
[2023-03-30 15:19:31] [curl] Contents of `/Users/wk/.pypath/cache/c058901753f61743bf55db935731cff1-id-types` has been read and the file has been closed.
