[2023-04-17 13:18:54] Welcome!
[2023-04-17 13:18:54] Logger started, logging into `/Users/wk/Github/entrain_draft/python_package/pypi/docs/pypath_log/pypath-kclof.log`.
[2023-04-17 13:18:54] Session `kclof` started.
[2023-04-17 13:18:54] [pypath] 
	- session ID: `kclof`
	- working directory: `/Users/wk/Github/entrain_draft/python_package/pypi/docs`
	- logfile: `/Users/wk/Github/entrain_draft/python_package/pypi/docs/pypath_log/pypath-kclof.log`
	- pypath version: 0.14.44
[2023-04-17 13:18:54] [curl] Creating Curl object to retrieve data from `https://www.ensembl.org/info/about/species.html`
[2023-04-17 13:18:54] [curl] Cache file path: `/Users/wk/.pypath/cache/535b06d53a59e75bb693369bc5fdc556-species.html`
[2023-04-17 13:18:54] [curl] Cache file found, no need for download.
[2023-04-17 13:18:54] [curl] Opening plain text file `/Users/wk/.pypath/cache/535b06d53a59e75bb693369bc5fdc556-species.html`.
[2023-04-17 13:18:54] [curl] Contents of `/Users/wk/.pypath/cache/535b06d53a59e75bb693369bc5fdc556-species.html` has been read and the file has been closed.
[2023-04-17 13:18:54] [curl] Creating Curl object to retrieve data from `https://www.ensembl.org/info/about/species.html`
[2023-04-17 13:18:54] [curl] Cache file path: `/Users/wk/.pypath/cache/535b06d53a59e75bb693369bc5fdc556-species.html`
[2023-04-17 13:18:54] [curl] Cache file found, no need for download.
[2023-04-17 13:18:54] [curl] Opening plain text file `/Users/wk/.pypath/cache/535b06d53a59e75bb693369bc5fdc556-species.html`.
[2023-04-17 13:18:54] [curl] Contents of `/Users/wk/.pypath/cache/535b06d53a59e75bb693369bc5fdc556-species.html` has been read and the file has been closed.
[2023-04-17 13:18:54] [curl] Creating Curl object to retrieve data from `https://www.ensembl.org/info/about/species.html`
[2023-04-17 13:18:54] [curl] Cache file path: `/Users/wk/.pypath/cache/535b06d53a59e75bb693369bc5fdc556-species.html`
[2023-04-17 13:18:54] [curl] Cache file found, no need for download.
[2023-04-17 13:18:54] [curl] Opening plain text file `/Users/wk/.pypath/cache/535b06d53a59e75bb693369bc5fdc556-species.html`.
[2023-04-17 13:18:54] [curl] Contents of `/Users/wk/.pypath/cache/535b06d53a59e75bb693369bc5fdc556-species.html` has been read and the file has been closed.
[2023-04-17 13:18:54] [network_resources] Could not find data model for resource `HI-III` in set `interaction_deprecated`.
[2023-04-17 13:18:54] [network_resources] Could not find data model for resource `Vidal HI-III` in set `interaction_deprecated`.
[2023-04-17 13:18:54] [network_resources] Could not find data model for resource `HI-III` in set `interaction_deprecated`.
[2023-04-17 13:18:54] [network_resources] Could not find data model for resource `HumanSignalingNetwork` in set `interaction_deprecated`.
[2023-04-17 13:18:54] [network_resources] Could not find data model for resource `Negatome` in set `negative`.
[2023-04-17 13:18:54] [network_resources] Could not find data model for resource `SignaLink2` in set `obsolate`.
[2023-04-17 13:18:54] [network_resources] Could not find data model for resource `NCI-PID` in set `obsolate`.
[2023-04-17 13:18:54] [network_resources] Could not find data model for resource `Laudanna-effects` in set `pathway_bad`.
[2023-04-17 13:18:54] [network_resources] Could not find data model for resource `Laudanna-directions` in set `pathway_bad`.
[2023-04-17 13:18:54] [network_resources] Could not find data model for resource `ORegAnno` in set `transcription_deprecated`.
[2023-04-17 13:18:54] [network_resources] Could not find data model for resource `DoRothEA` in set `transcription_dorothea_old`.
[2023-04-17 13:18:54] [curl] Creating Curl object to retrieve data from `https://www.ebi.ac.uk/unichem/legacy/ucquery/listSources`
[2023-04-17 13:18:54] [curl] Cache file path: `/Users/wk/.pypath/cache/ec334dad78a2cd7ed88f6069c63aa672-listSources`
[2023-04-17 13:18:54] [curl] Cache file found, no need for download.
[2023-04-17 13:18:54] [curl] Loading data from cache previously downloaded from `www.ebi.ac.uk`
[2023-04-17 13:18:54] [curl] Opening file `/Users/wk/.pypath/cache/ec334dad78a2cd7ed88f6069c63aa672-listSources`
[2023-04-17 13:18:54] [curl] Extracting data from file type `plain`
[2023-04-17 13:18:54] [curl] Opening plain text file `/Users/wk/.pypath/cache/ec334dad78a2cd7ed88f6069c63aa672-listSources`.
[2023-04-17 13:18:54] [curl] Contents of `/Users/wk/.pypath/cache/ec334dad78a2cd7ed88f6069c63aa672-listSources` has been read and the file has been closed.
[2023-04-17 13:18:54] [curl] File at `https://www.ebi.ac.uk/unichem/legacy/ucquery/listSources` successfully retrieved. Resulted file type `plain text, unicode string`. Local file at
                      `/Users/wk/.pypath/cache/ec334dad78a2cd7ed88f6069c63aa672-listSources`.
[2023-04-17 13:18:54] [curl] Creating Curl object to retrieve data from `https://rampdb.nih.gov/api/id-types`
[2023-04-17 13:18:54] [curl] Cache file path: `/Users/wk/.pypath/cache/c058901753f61743bf55db935731cff1-id-types`
[2023-04-17 13:18:54] [curl] Cache file found, no need for download.
[2023-04-17 13:18:54] [curl] Opening plain text file `/Users/wk/.pypath/cache/c058901753f61743bf55db935731cff1-id-types`.
[2023-04-17 13:18:54] [curl] Contents of `/Users/wk/.pypath/cache/c058901753f61743bf55db935731cff1-id-types` has been read and the file has been closed.
[2023-04-17 13:20:42] [homology] HomologyManager has been created.
[2023-04-17 13:20:42] [homology] Homology table from taxon 9606 to 10090 (only SwissProt: True) has been loaded from `/Users/wk/.pypath/cache/5345e578806347b00365d04facafe3ff-homology-9606-10090.pickle`.
[2023-04-17 13:20:42] [mapping] Requested to load ID translation table from `uniprot` to `genesymbol`, organism: 10090.
[2023-04-17 13:20:42] [mapping] Chosen built-in defined ID translation table: resource=uniprot, id_type_a=genesymbol, id_type_b=uniprot
[2023-04-17 13:20:42] [mapping] Loading mapping table for organism `10090` with identifiers `genesymbol` and `uniprot`, input type `uniprot`
[2023-04-17 13:20:42] [mapping] Reader created for ID translation table, parameters: `ncbi_tax_id=10090, id_a=genesymbol, id_b=uniprot, load_a_to_b=0, load_b_to_a=1, input_type=uniprot (UniprotMapping)`.
[2023-04-17 13:20:42] [mapping] Loading `genesymbol` to `uniprot` mapping table from pickle file `/Users/wk/.pypath/cache/f6398e36d1cfe203896730517298c6cb`.
[2023-04-17 13:20:42] [mapping] `uniprot` to `genesymbol` mapping table for organism `9606` successfully loaded.
[2023-04-17 13:20:42] [mapping] Requested to load ID translation table from `trembl` to `genesymbol`, organism: 10090.
[2023-04-17 13:20:42] [mapping] Chosen built-in defined ID translation table: resource=basic, id_type_a=genesymbol, id_type_b=trembl
[2023-04-17 13:20:42] [mapping] Loading mapping table for organism `10090` with identifiers `genesymbol` and `trembl`, input type `uniprot`
[2023-04-17 13:20:42] [mapping] Reader created for ID translation table, parameters: `ncbi_tax_id=10090, id_a=genesymbol, id_b=trembl, load_a_to_b=0, load_b_to_a=1, input_type=uniprot (UniprotMapping)`.
[2023-04-17 13:20:42] [mapping] Loading `genesymbol` to `trembl` mapping table from pickle file `/Users/wk/.pypath/cache/34e3ca12ddf446f9760814f22d9cf784`.
[2023-04-17 13:20:42] [mapping] `trembl` to `genesymbol` mapping table for organism `9606` successfully loaded.
[2023-04-17 13:20:42] [mapping] Requested to load ID translation table from `uniprot-sec` to `uniprot-pri`, organism: 10090.
[2023-04-17 13:20:42] [mapping] Chosen built-in defined ID translation table: resource=basic, id_type_a=uniprot-sec, id_type_b=uniprot-pri
[2023-04-17 13:20:42] [inputs] Selecting input method (step 1): module `uniprot.get_uniprot_sec`, method `None`.
[2023-04-17 13:20:42] [inputs] Selecting input method (step 2): module `pypath.inputs.uniprot`, method `get_uniprot_sec`.
[2023-04-17 13:20:42] [inputs] Importing module `pypath.inputs.uniprot`.
[2023-04-17 13:20:42] [mapping] Loading mapping table for organism `10090` with identifiers `uniprot-sec` and `uniprot-pri`, input type `file`
[2023-04-17 13:20:42] [mapping] Reader created for ID translation table, parameters: `ncbi_tax_id=10090, id_a=uniprot-sec, id_b=uniprot-pri, load_a_to_b=1, load_b_to_a=0, input_type=file (FileMapping)`.
[2023-04-17 13:20:42] [mapping] Loading `uniprot-sec` to `uniprot-pri` mapping table from pickle file `/Users/wk/.pypath/cache/a3a03fcba0aab2ce41d3719c8e4d12d1`.
[2023-04-17 13:20:42] [mapping] `uniprot-sec` to `uniprot-pri` mapping table for organism `9606` successfully loaded.
[2023-04-17 13:20:45] [homology] Homology table from taxon 9606 to 9606 (only SwissProt: True) has been loaded from `/Users/wk/.pypath/cache/4fb6979148cad413e4944db5e0d686ce-homology-9606-9606.pickle`.
[2023-04-17 13:20:45] [mapping] Requested to load ID translation table from `genesymbol` to `uniprot`, organism: 9606.
[2023-04-17 13:20:45] [mapping] Chosen built-in defined ID translation table: resource=uniprot, id_type_a=genesymbol, id_type_b=uniprot
[2023-04-17 13:20:45] [mapping] Loading mapping table for organism `9606` with identifiers `genesymbol` and `uniprot`, input type `uniprot`
[2023-04-17 13:20:45] [mapping] Reader created for ID translation table, parameters: `ncbi_tax_id=9606, id_a=genesymbol, id_b=uniprot, load_a_to_b=1, load_b_to_a=0, input_type=uniprot (UniprotMapping)`.
[2023-04-17 13:20:45] [mapping] Loading `genesymbol` to `uniprot` mapping table from pickle file `/Users/wk/.pypath/cache/f50c3aaf161c916007dcb9c3671ca5a6`.
[2023-04-17 13:20:45] [mapping] `genesymbol` to `uniprot` mapping table for organism `9606` successfully loaded.
[2023-04-17 13:20:45] [mapping] Requested to load ID translation table from `uniprot-sec` to `uniprot-pri`, organism: 9606.
[2023-04-17 13:20:45] [mapping] Chosen built-in defined ID translation table: resource=basic, id_type_a=uniprot-sec, id_type_b=uniprot-pri
[2023-04-17 13:20:45] [inputs] Selecting input method (step 1): module `uniprot.get_uniprot_sec`, method `None`.
[2023-04-17 13:20:45] [inputs] Selecting input method (step 2): module `pypath.inputs.uniprot`, method `get_uniprot_sec`.
[2023-04-17 13:20:45] [inputs] Importing module `pypath.inputs.uniprot`.
[2023-04-17 13:20:45] [mapping] Loading mapping table for organism `9606` with identifiers `uniprot-sec` and `uniprot-pri`, input type `file`
[2023-04-17 13:20:45] [mapping] Reader created for ID translation table, parameters: `ncbi_tax_id=9606, id_a=uniprot-sec, id_b=uniprot-pri, load_a_to_b=1, load_b_to_a=0, input_type=file (FileMapping)`.
[2023-04-17 13:20:45] [mapping] Loading `uniprot-sec` to `uniprot-pri` mapping table from pickle file `/Users/wk/.pypath/cache/8e9f32791ccccb8bbd25f51169b0ee61`.
[2023-04-17 13:20:45] [mapping] `uniprot-sec` to `uniprot-pri` mapping table for organism `9606` successfully loaded.
[2023-04-17 13:20:45] [mapping] Requested to load ID translation table from `trembl` to `genesymbol`, organism: 9606.
[2023-04-17 13:20:45] [mapping] Chosen built-in defined ID translation table: resource=basic, id_type_a=genesymbol, id_type_b=trembl
[2023-04-17 13:20:45] [mapping] Loading mapping table for organism `9606` with identifiers `genesymbol` and `trembl`, input type `uniprot`
[2023-04-17 13:20:45] [mapping] Reader created for ID translation table, parameters: `ncbi_tax_id=9606, id_a=genesymbol, id_b=trembl, load_a_to_b=0, load_b_to_a=1, input_type=uniprot (UniprotMapping)`.
[2023-04-17 13:20:45] [mapping] Loading `genesymbol` to `trembl` mapping table from pickle file `/Users/wk/.pypath/cache/133a6022c2accb1eec66f136169604c9`.
[2023-04-17 13:20:45] [mapping] `trembl` to `genesymbol` mapping table for organism `9606` successfully loaded.
[2023-04-17 13:20:45] [uniprot_input] Loading list of all UniProt IDs for organism `9606` (only SwissProt: None).
[2023-04-17 13:20:45] [curl] Creating Curl object to retrieve data from `https://legacy.uniprot.org/uniprot/`
[2023-04-17 13:20:45] [curl] GET parameters added to the URL: `query=organism%3A9606&format=tab&columns=id`
[2023-04-17 13:20:45] [curl] Cache file path: `/Users/wk/.pypath/cache/590b20597cb4f25fe88d504e4dc430df-`
[2023-04-17 13:20:45] [curl] Cache file found, no need for download.
[2023-04-17 13:20:45] [curl] Loading data from cache previously downloaded from `legacy.uniprot.org`
[2023-04-17 13:20:45] [curl] Opening file `/Users/wk/.pypath/cache/590b20597cb4f25fe88d504e4dc430df-`
[2023-04-17 13:20:45] [curl] Extracting data from file type `plain`
[2023-04-17 13:20:45] [curl] Opening plain text file `/Users/wk/.pypath/cache/590b20597cb4f25fe88d504e4dc430df-`.
[2023-04-17 13:20:45] [curl] Contents of `/Users/wk/.pypath/cache/590b20597cb4f25fe88d504e4dc430df-` has been read and the file has been closed.
[2023-04-17 13:20:45] [curl] File at `https://legacy.uniprot.org/uniprot/?query=organism%3A9606&format=tab&columns=id` successfully retrieved. Resulted file type `plain text, unicode string`. Local file at
                      `/Users/wk/.pypath/cache/590b20597cb4f25fe88d504e4dc430df-`.
[2023-04-17 13:20:45] [mapping] Requested to load ID translation table from `genesymbol-syn` to `uniprot`, organism: 9606.
[2023-04-17 13:20:45] [mapping] Chosen built-in defined ID translation table: resource=uniprot, id_type_a=genesymbol-syn, id_type_b=uniprot
[2023-04-17 13:20:45] [mapping] Loading mapping table for organism `9606` with identifiers `genesymbol-syn` and `uniprot`, input type `uniprot`
[2023-04-17 13:20:45] [mapping] Reader created for ID translation table, parameters: `ncbi_tax_id=9606, id_a=genesymbol-syn, id_b=uniprot, load_a_to_b=1, load_b_to_a=0, input_type=uniprot (UniprotMapping)`.
[2023-04-17 13:20:45] [mapping] Loading `genesymbol-syn` to `uniprot` mapping table from pickle file `/Users/wk/.pypath/cache/b0999b729f20fa182ecf0b49b450c11a`.
[2023-04-17 13:20:45] [mapping] `genesymbol-syn` to `uniprot` mapping table for organism `9606` successfully loaded.
[2023-04-17 13:20:45] [mapping] Requested to load ID translation table from `genesymbol5` to `uniprot`, organism: 9606.
[2023-04-17 13:26:12] [homology] Removing homology table from taxon 9606 to 10090 (only SwissProt: True)
[2023-04-17 13:26:12] [homology] Removing homology table from taxon 9606 to 9606 (only SwissProt: True)
[2023-04-17 13:26:12] [mapping] Removing mapping table `uniprot-sec` to `uniprot-pri` for organism `10090`.
[2023-04-17 13:26:12] [mapping] Removing mapping table `genesymbol5` to `uniprot` for organism `9606`.
[2023-04-17 13:26:12] [mapping] Removing mapping table `uniprot` to `genesymbol` for organism `9606`.
[2023-04-17 13:26:12] [mapping] Removing mapping table `trembl` to `genesymbol` for organism `10090`.
[2023-04-17 13:26:12] [mapping] Removing mapping table `genesymbol-syn` to `uniprot` for organism `9606`.
[2023-04-17 13:26:12] [mapping] Removing mapping table `uniprot` to `genesymbol` for organism `10090`.
[2023-04-17 13:26:12] [mapping] Removing mapping table `uniprot-sec` to `uniprot-pri` for organism `9606`.
[2023-04-17 13:26:12] [mapping] Removing mapping table `genesymbol` to `uniprot` for organism `9606`.
[2023-04-17 13:26:12] [mapping] Removing mapping table `trembl` to `genesymbol` for organism `9606`.
[2023-04-17 13:26:54] [uniprot_input] Removing UniProt ID list for organism `9606` (SwissProt: None)
