2023-07-06 17:40:22,997 - DEBUG - API call: post /webapi/Clients/CreateClient
{
    "createMode": "DirectClient",
    "legalForm": "JuridicalPerson",
    "inn": "7720805643",
    "name": "\u0422\u0435\u0441\u0442 \u043a\u043b\u0438\u0435\u043d\u04422",
    "mobilePhone": "+79161234567",
    "epayNumber": "12333",
    "regNumber": "54556",
    "oksmNumber": "44563"
}
{'Content-Type': 'application/json-patch+json'}
Response: 200
{"Id":"CLiIteOTKT0U-wzU1pYEoz0g","Status":"Active","ErirValidationError":null,"CreateMode":null,"LegalForm":"JuridicalPerson","Inn":"7720805643","Name":"Тест клиент2","MobilePhone":null,"EpayNumber":null,"RegNumber":null,"OksmNumber":null}
2023-07-06 17:41:38,051 - DEBUG - API call: post /webapi/Clients/CreateClient
Headers: {'Content-Type': 'application/json-patch+json'}
Body: {
    "createMode": "DirectClient",
    "legalForm": "JuridicalPerson",
    "inn": "7720805643",
    "name": "\u0422\u0435\u0441\u0442 \u043a\u043b\u0438\u0435\u043d\u04422",
    "mobilePhone": "+79161234567",
    "epayNumber": "12333",
    "regNumber": "54556",
    "oksmNumber": "44563"
}
Response: 200
{"Id":"CLiIteOTKT0U-wzU1pYEoz0g","Status":"Active","ErirValidationError":null,"CreateMode":null,"LegalForm":"JuridicalPerson","Inn":"7720805643","Name":"Тест клиент2","MobilePhone":null,"EpayNumber":null,"RegNumber":null,"OksmNumber":null}
