[2023-03-29 16:22:13] Welcome!
[2023-03-29 16:22:13] Logger started, logging into `/Users/wk/Github/entrain_draft/python_package/pypi/pypath_log/pypath-wez26.log`.
[2023-03-29 16:22:13] Session `wez26` started.
[2023-03-29 16:22:13] [pypath] 
	- session ID: `wez26`
	- working directory: `/Users/wk/Github/entrain_draft/python_package/pypi`
	- logfile: `/Users/wk/Github/entrain_draft/python_package/pypi/pypath_log/pypath-wez26.log`
	- pypath version: 0.14.33
[2023-03-29 16:22:14] [curl] Creating Curl object to retrieve data from `https://www.ensembl.org/info/about/species.html`
[2023-03-29 16:22:14] [curl] Cache file path: `/Users/wk/.pypath/cache/535b06d53a59e75bb693369bc5fdc556-species.html`
[2023-03-29 16:22:14] [curl] Cache file found, no need for download.
[2023-03-29 16:22:14] [curl] Opening plain text file `/Users/wk/.pypath/cache/535b06d53a59e75bb693369bc5fdc556-species.html`.
[2023-03-29 16:22:14] [curl] Contents of `/Users/wk/.pypath/cache/535b06d53a59e75bb693369bc5fdc556-species.html` has been read and the file has been closed.
[2023-03-29 16:22:14] [curl] Creating Curl object to retrieve data from `https://www.ensembl.org/info/about/species.html`
[2023-03-29 16:22:14] [curl] Cache file path: `/Users/wk/.pypath/cache/535b06d53a59e75bb693369bc5fdc556-species.html`
[2023-03-29 16:22:14] [curl] Cache file found, no need for download.
[2023-03-29 16:22:14] [curl] Opening plain text file `/Users/wk/.pypath/cache/535b06d53a59e75bb693369bc5fdc556-species.html`.
[2023-03-29 16:22:14] [curl] Contents of `/Users/wk/.pypath/cache/535b06d53a59e75bb693369bc5fdc556-species.html` has been read and the file has been closed.
[2023-03-29 16:22:14] [curl] Creating Curl object to retrieve data from `https://www.ensembl.org/info/about/species.html`
[2023-03-29 16:22:14] [curl] Cache file path: `/Users/wk/.pypath/cache/535b06d53a59e75bb693369bc5fdc556-species.html`
[2023-03-29 16:22:14] [curl] Cache file found, no need for download.
[2023-03-29 16:22:14] [curl] Opening plain text file `/Users/wk/.pypath/cache/535b06d53a59e75bb693369bc5fdc556-species.html`.
[2023-03-29 16:22:14] [curl] Contents of `/Users/wk/.pypath/cache/535b06d53a59e75bb693369bc5fdc556-species.html` has been read and the file has been closed.
[2023-03-29 16:22:14] [curl] Creating Curl object to retrieve data from `https://www.ebi.ac.uk/unichem/legacy/ucquery/listSources`
[2023-03-29 16:22:14] [curl] Cache file path: `/Users/wk/.pypath/cache/ec334dad78a2cd7ed88f6069c63aa672-listSources`
[2023-03-29 16:22:14] [curl] Cache file found, no need for download.
[2023-03-29 16:22:14] [curl] Loading data from cache previously downloaded from `www.ebi.ac.uk`
[2023-03-29 16:22:14] [curl] Opening file `/Users/wk/.pypath/cache/ec334dad78a2cd7ed88f6069c63aa672-listSources`
[2023-03-29 16:22:14] [curl] Extracting data from file type `plain`
[2023-03-29 16:22:14] [curl] Opening plain text file `/Users/wk/.pypath/cache/ec334dad78a2cd7ed88f6069c63aa672-listSources`.
[2023-03-29 16:22:14] [curl] Contents of `/Users/wk/.pypath/cache/ec334dad78a2cd7ed88f6069c63aa672-listSources` has been read and the file has been closed.
[2023-03-29 16:22:14] [curl] File at `https://www.ebi.ac.uk/unichem/legacy/ucquery/listSources` successfully retrieved. Resulted file type `plain text, unicode string`. Local file at
                      `/Users/wk/.pypath/cache/ec334dad78a2cd7ed88f6069c63aa672-listSources`.
